SF:lib\src\controller\layout_metrics.dart
DA:12,9
DA:26,8
DA:35,8
DA:40,21
DA:41,28
DA:42,7
DA:44,9
DA:45,12
DA:46,3
DA:49,8
DA:87,2
DA:91,4
DA:92,4
DA:93,5
DA:95,5
DA:96,5
DA:99,10
DA:100,8
DA:102,10
DA:103,10
LF:20
LH:20
end_of_record
SF:lib\src\controller\dashboard_controller_impl.dart
DA:24,13
DA:30,26
DA:31,26
DA:83,11
DA:84,11
DA:91,33
DA:94,29
DA:95,33
DA:108,6
DA:109,12
DA:128,7
DA:130,14
DA:133,7
DA:135,14
DA:138,7
DA:140,14
DA:143,3
DA:145,12
DA:148,2
DA:150,4
DA:153,5
DA:155,15
DA:157,6
DA:158,6
DA:161,9
DA:166,6
DA:168,1
DA:169,2
DA:175,3
DA:176,3
DA:183,6
DA:184,6
DA:192,1
DA:197,4
DA:198,4
DA:201,5
DA:204,5
DA:209,1
DA:211,6
DA:213,1
DA:221,1
DA:222,1
DA:226,1
DA:228,2
DA:233,1
DA:235,2
DA:238,1
DA:240,2
DA:243,1
DA:248,3
DA:251,1
DA:254,2
DA:255,6
DA:257,5
DA:259,1
DA:262,1
DA:263,1
DA:270,2
DA:273,1
DA:280,1
DA:282,2
DA:283,2
DA:286,2
DA:287,1
DA:290,4
DA:292,24
DA:293,2
DA:296,8
DA:297,4
DA:298,8
DA:299,8
DA:300,8
DA:302,8
DA:304,4
DA:307,3
DA:309,6
DA:310,3
DA:311,15
DA:312,6
DA:313,6
DA:315,6
DA:316,3
DA:319,1
DA:321,1
DA:322,2
DA:324,1
DA:325,5
DA:326,2
DA:327,2
DA:330,2
DA:331,1
DA:333,1
DA:336,5
DA:338,15
DA:340,3
DA:341,2
DA:343,2
DA:347,5
DA:348,5
DA:350,10
DA:353,4
DA:355,8
DA:358,1
DA:360,6
DA:363,1
DA:365,2
DA:366,1
DA:367,1
DA:369,1
DA:370,2
DA:373,1
DA:376,3
DA:379,3
DA:381,2
DA:382,2
DA:386,1
DA:389,6
DA:391,12
DA:392,12
DA:393,12
DA:394,12
DA:395,12
DA:396,12
DA:397,12
DA:398,12
DA:399,12
DA:400,12
DA:401,12
DA:402,12
DA:403,12
DA:404,12
DA:405,12
DA:414,4
DA:415,8
DA:422,10
DA:423,30
DA:424,10
DA:431,5
DA:437,10
DA:438,26
DA:442,10
DA:443,25
DA:446,5
DA:456,10
DA:459,15
DA:462,17
DA:465,5
DA:467,5
DA:472,10
DA:473,10
DA:488,15
DA:489,25
DA:492,10
DA:496,3
DA:497,6
DA:499,15
DA:500,6
DA:501,9
DA:505,2
DA:508,4
DA:513,12
DA:515,2
DA:522,8
DA:523,4
DA:525,2
DA:532,6
DA:534,4
DA:535,4
DA:540,4
DA:541,6
DA:543,2
DA:547,8
DA:548,48
DA:549,8
DA:554,16
DA:555,8
DA:556,18
DA:559,16
DA:560,8
DA:561,16
DA:564,32
DA:568,6
DA:577,12
DA:579,36
DA:582,24
DA:583,24
DA:587,12
DA:588,12
DA:592,12
DA:594,42
DA:596,6
DA:599,12
DA:600,12
DA:604,18
DA:605,30
DA:606,6
DA:608,3
DA:609,15
DA:613,6
DA:614,12
DA:618,12
DA:619,12
DA:620,12
DA:623,12
DA:629,24
DA:631,18
DA:632,18
DA:634,12
DA:635,12
DA:637,18
DA:641,6
DA:642,12
DA:647,18
DA:650,1
DA:651,2
DA:652,2
DA:657,6
DA:658,12
DA:659,12
DA:660,12
DA:664,12
DA:665,16
DA:667,12
DA:668,6
DA:669,18
DA:670,12
DA:674,3
DA:677,9
DA:679,18
DA:680,9
DA:682,6
DA:683,3
DA:684,6
DA:685,12
DA:689,3
DA:699,18
DA:701,9
DA:702,9
DA:704,3
DA:705,3
DA:706,3
DA:707,3
DA:710,3
DA:711,6
DA:712,6
DA:713,2
DA:714,3
DA:715,3
DA:716,3
DA:717,2
DA:718,3
DA:719,3
DA:720,3
DA:721,2
DA:722,3
DA:723,3
DA:724,3
DA:725,3
DA:726,2
DA:727,3
DA:728,3
DA:729,2
DA:730,6
DA:731,1
DA:732,3
DA:733,3
DA:734,1
DA:735,3
DA:738,6
DA:739,6
DA:740,6
DA:741,6
DA:743,9
DA:744,3
DA:745,1
DA:748,12
DA:749,3
DA:752,1
DA:753,1
DA:756,4
DA:757,3
DA:761,3
DA:763,3
DA:764,6
DA:766,6
DA:767,6
DA:768,6
DA:771,6
DA:775,3
DA:776,6
DA:781,3
DA:782,6
DA:783,6
DA:784,6
DA:788,6
DA:790,3
DA:792,6
DA:793,9
DA:794,6
DA:797,2
DA:799,4
DA:800,2
DA:804,4
DA:805,10
DA:808,2
DA:811,4
DA:812,4
DA:815,6
DA:816,10
DA:817,2
DA:819,1
DA:820,5
DA:825,2
DA:826,2
DA:831,2
DA:836,2
DA:841,4
DA:842,4
DA:843,4
DA:846,4
DA:847,4
DA:850,2
DA:852,6
DA:853,10
DA:856,4
DA:857,4
DA:858,2
DA:859,6
DA:860,4
DA:863,1
DA:865,2
DA:866,2
DA:869,1
DA:871,2
DA:872,6
LF:335
LH:335
end_of_record
SF:lib\src\controller\dashboard_controller_provider.dart
DA:10,10
DA:20,10
DA:21,10
DA:22,10
DA:23,10
DA:26,2
DA:30,6
LF:7
LH:7
end_of_record
SF:lib\src\engine\layout_engine.dart
DA:29,3
DA:31,6
DA:32,9
DA:33,3
DA:41,10
DA:42,10
DA:43,10
DA:44,2
DA:45,9
DA:47,3
DA:50,1
DA:53,18
DA:54,66
DA:56,42
DA:59,8
DA:66,10
DA:67,30
DA:68,50
DA:69,50
DA:70,50
DA:71,50
DA:76,9
DA:77,17
DA:78,8
DA:86,4
DA:87,4
DA:90,4
DA:91,12
DA:92,4
DA:93,12
DA:94,4
DA:96,8
DA:97,8
DA:101,8
DA:102,16
DA:103,8
DA:104,12
DA:106,3
DA:112,10
DA:113,38
DA:120,9
DA:128,9
DA:129,9
DA:132,27
DA:133,27
DA:136,3
DA:137,3
DA:142,9
DA:144,1
DA:147,3
DA:151,8
DA:154,24
DA:158,4
DA:159,5
DA:163,45
DA:167,8
DA:174,17
DA:175,8
DA:176,18
DA:177,25
DA:180,40
DA:182,31
DA:183,7
DA:184,7
DA:185,30
DA:186,6
DA:187,6
DA:191,8
DA:192,16
DA:193,9
DA:201,10
DA:204,20
DA:205,10
DA:206,20
DA:208,19
DA:210,9
DA:211,9
DA:212,9
DA:215,45
DA:218,62
DA:219,8
DA:221,18
DA:225,20
DA:230,5
DA:231,10
DA:232,5
DA:234,8
DA:236,12
DA:237,6
DA:239,6
DA:240,1
DA:243,3
DA:244,3
DA:246,1
DA:247,3
DA:250,3
DA:260,8
DA:271,8
DA:273,8
DA:274,8
DA:278,40
DA:281,1
DA:282,1
DA:283,3
DA:284,3
DA:288,8
DA:291,32
DA:292,16
DA:294,16
DA:295,8
DA:298,8
DA:299,8
DA:302,8
DA:303,24
DA:304,8
DA:305,24
DA:307,8
DA:309,16
DA:310,24
DA:313,84
DA:316,6
DA:320,20
DA:322,14
DA:323,12
DA:325,6
DA:327,9
DA:328,3
DA:329,6
DA:330,3
DA:334,12
DA:337,12
DA:340,18
DA:341,12
DA:343,6
DA:344,12
DA:345,6
DA:349,16
DA:353,8
DA:363,1
DA:368,4
DA:370,2
DA:374,3
DA:375,5
DA:376,2
DA:378,2
DA:379,3
DA:380,2
DA:389,5
DA:390,2
DA:392,2
DA:393,3
DA:400,2
DA:404,4
DA:412,24
DA:415,24
DA:416,4
DA:419,4
DA:424,3
DA:426,1
DA:439,3
DA:442,3
DA:443,3
DA:451,15
DA:452,3
DA:455,7
DA:465,3
DA:473,1
DA:476,1
DA:477,1
DA:497,2
DA:503,15
DA:504,15
DA:507,4
DA:509,2
DA:515,2
DA:518,4
DA:523,2
DA:525,6
DA:527,1
DA:532,2
DA:536,4
DA:537,2
DA:545,2
DA:548,4
DA:551,1
DA:554,2
DA:563,9
DA:564,9
DA:566,9
DA:569,17
DA:571,6
DA:572,3
DA:574,48
DA:575,18
DA:579,9
DA:581,27
DA:582,9
DA:586,9
DA:587,4
DA:595,9
DA:597,16
DA:598,7
DA:601,4
DA:603,4
DA:610,9
DA:612,9
DA:621,3
DA:623,12
DA:624,12
DA:628,4
DA:629,6
DA:630,3
DA:634,3
DA:637,6
DA:642,3
DA:644,10
DA:645,2
DA:649,3
DA:650,1
DA:658,2
DA:664,2
DA:671,3
DA:680,3
DA:685,7
DA:686,7
DA:692,7
DA:693,7
DA:695,14
DA:696,21
DA:697,21
DA:698,49
DA:699,49
DA:702,7
DA:706,7
DA:707,7
DA:718,7
DA:727,7
DA:730,35
DA:731,35
DA:733,7
DA:736,7
DA:741,14
DA:743,7
DA:756,35
DA:759,21
DA:760,21
DA:763,14
DA:764,7
DA:765,14
DA:766,14
DA:769,7
DA:775,35
DA:776,7
DA:777,7
LF:254
LH:254
end_of_record
SF:lib\src\models\layout_item.dart
DA:13,14
DA:30,2
DA:31,2
DA:34,2
DA:36,4
DA:37,4
DA:38,4
DA:39,4
DA:40,2
DA:41,2
DA:43,2
DA:44,2
DA:45,2
DA:46,2
DA:47,2
DA:48,2
DA:53,2
DA:54,2
DA:55,2
DA:56,2
DA:57,2
DA:58,2
DA:59,2
DA:60,2
DA:61,2
DA:63,5
DA:64,4
DA:65,2
DA:66,2
DA:67,2
DA:68,2
DA:75,18
DA:76,9
DA:77,9
DA:78,9
DA:79,9
DA:80,9
DA:81,9
DA:82,9
DA:83,9
DA:84,9
DA:85,9
DA:89,12
DA:104,12
DA:105,12
DA:106,11
DA:107,10
DA:108,12
DA:109,12
DA:110,12
DA:111,12
DA:112,12
DA:113,12
DA:114,12
DA:115,12
DA:116,12
DA:117,11
DA:121,8
DA:124,5
DA:125,15
DA:126,15
DA:127,9
DA:128,6
DA:129,3
DA:130,3
DA:131,3
DA:132,3
DA:133,3
DA:134,3
DA:135,3
DA:136,3
DA:137,3
DA:138,3
DA:140,2
DA:141,2
DA:142,2
DA:143,2
DA:144,2
DA:145,2
DA:146,2
DA:147,2
DA:148,2
DA:149,2
DA:150,2
DA:151,2
DA:152,2
DA:153,2
DA:154,2
DA:157,1
DA:159,7
LF:90
LH:90
end_of_record
SF:lib\src\view\a11y\dashboard_shortcuts.dart
DA:8,5
LF:1
LH:1
end_of_record
SF:lib\src\view\dashboard.dart
DA:23,7
DA:165,7
DA:166,7
DA:173,7
DA:175,7
DA:176,21
DA:177,27
DA:180,35
DA:181,35
DA:182,42
DA:183,35
DA:184,35
DA:187,7
DA:189,7
DA:190,12
DA:192,7
DA:195,2
DA:197,2
DA:199,8
DA:200,1
DA:201,2
DA:203,3
DA:204,3
DA:208,8
DA:209,5
DA:211,8
DA:212,5
DA:214,8
DA:215,5
DA:217,8
DA:218,5
DA:222,7
DA:227,7
DA:228,14
DA:229,7
DA:230,14
DA:231,14
DA:232,14
DA:233,14
DA:234,14
DA:235,14
DA:236,14
DA:237,14
DA:238,14
DA:239,14
DA:240,14
DA:241,14
DA:242,14
DA:243,14
DA:244,14
DA:245,14
DA:246,14
DA:249,14
DA:250,14
DA:251,14
DA:252,14
DA:253,14
DA:254,14
DA:257,7
DA:258,14
DA:259,24
DA:260,7
DA:261,7
DA:262,7
DA:263,7
DA:264,14
DA:265,14
DA:266,14
DA:267,7
DA:268,7
DA:269,14
DA:270,7
DA:271,14
DA:272,14
DA:273,14
DA:274,14
DA:275,14
DA:276,14
DA:277,14
DA:278,14
LF:80
LH:80
end_of_record
SF:lib\src\view\dashboard_configuration.dart
DA:7,1
DA:32,3
DA:56,2
DA:61,2
DA:62,2
DA:63,2
DA:64,2
DA:73,3
DA:93,2
DA:99,2
DA:100,1
DA:101,2
DA:102,2
DA:103,2
DA:113,1
LF:15
LH:15
end_of_record
SF:lib\src\view\dashboard_item_wrapper.dart
DA:12,9
DA:28,9
DA:30,9
DA:31,18
DA:32,27
DA:34,24
DA:35,6
DA:37,6
DA:38,6
DA:39,6
DA:42,6
DA:44,6
DA:47,6
DA:49,6
DA:52,6
DA:54,6
DA:57,6
DA:59,6
DA:63,6
DA:64,6
DA:67,6
DA:71,6
DA:72,6
DA:75,6
DA:79,6
DA:80,6
DA:83,6
DA:87,6
DA:88,6
DA:93,8
DA:95,13
LF:31
LH:31
end_of_record
SF:lib\src\view\dashboard_overlay.dart
DA:31,9
DA:151,9
DA:152,9
DA:195,9
DA:196,18
DA:197,10
DA:199,9
DA:201,9
DA:202,10
DA:203,18
DA:204,18
DA:205,11
DA:206,9
DA:209,9
DA:211,9
DA:212,18
DA:213,9
DA:214,3
DA:215,6
DA:218,3
DA:219,6
DA:220,6
DA:221,6
DA:223,1
DA:224,1
DA:225,1
DA:230,1
DA:231,3
DA:232,4
DA:233,1
DA:236,3
DA:237,3
DA:238,3
DA:239,3
DA:243,9
DA:246,12
DA:248,4
DA:250,8
DA:253,0
DA:256,3
DA:258,9
DA:259,9
DA:260,9
DA:263,9
DA:265,18
DA:266,4
DA:267,18
DA:268,7
DA:269,7
DA:270,14
DA:271,14
DA:272,14
DA:273,14
DA:274,14
DA:275,14
DA:276,14
DA:277,14
DA:278,14
DA:283,9
DA:291,9
DA:295,4
DA:297,8
DA:300,12
DA:303,18
DA:304,4
DA:305,4
DA:311,2
DA:312,10
DA:313,4
DA:318,8
DA:320,4
DA:323,1
DA:324,1
DA:327,2
DA:329,1
DA:331,9
DA:333,9
DA:334,2
DA:337,4
DA:341,12
DA:342,13
DA:343,18
DA:348,9
DA:349,9
DA:360,2
DA:361,8
DA:363,2
DA:366,1
DA:367,4
DA:369,6
DA:373,9
DA:374,9
DA:375,18
DA:376,9
DA:377,36
DA:379,36
DA:383,20
DA:384,20
DA:386,5
DA:391,20
DA:392,20
DA:395,25
DA:397,5
DA:399,10
DA:403,5
DA:404,5
DA:406,5
DA:410,20
DA:411,5
DA:412,10
DA:416,10
DA:418,30
DA:419,5
DA:423,30
DA:425,12
DA:429,15
DA:432,5
DA:433,10
DA:434,5
DA:437,15
DA:439,6
DA:441,10
DA:445,5
DA:446,10
DA:447,5
DA:448,15
DA:450,10
DA:451,10
DA:452,10
DA:453,5
DA:454,5
DA:455,5
DA:456,5
DA:457,5
DA:458,10
DA:463,5
DA:469,9
DA:470,18
DA:472,2
DA:473,2
DA:474,8
DA:475,8
DA:478,4
DA:479,4
DA:481,2
DA:482,2
DA:483,2
DA:484,2
DA:485,2
DA:487,2
DA:489,2
DA:490,2
DA:491,2
DA:492,2
DA:493,4
DA:494,4
DA:495,6
DA:512,4
DA:515,8
DA:518,4
DA:519,4
DA:521,4
DA:522,8
DA:523,4
DA:524,4
DA:525,4
DA:526,8
DA:527,4
DA:528,4
DA:529,4
DA:530,12
DA:532,8
DA:545,5
DA:547,5
DA:549,5
DA:553,5
DA:556,10
DA:557,5
DA:561,4
DA:562,16
DA:564,4
DA:570,4
DA:573,12
DA:574,8
DA:575,12
DA:576,24
DA:577,4
DA:581,4
DA:584,6
DA:593,0
DA:596,16
DA:600,13
DA:602,8
DA:604,12
DA:605,16
DA:608,8
DA:609,4
DA:612,4
DA:614,4
DA:616,12
DA:618,8
DA:619,4
DA:621,8
DA:622,4
DA:624,20
DA:625,20
DA:627,12
DA:629,4
DA:631,4
DA:633,4
DA:634,8
DA:635,4
DA:638,8
DA:639,4
DA:640,4
DA:641,4
DA:644,4
DA:645,10
DA:647,9
DA:648,20
DA:653,4
DA:654,4
DA:657,16
DA:659,4
DA:662,4
DA:663,4
DA:664,4
DA:667,4
DA:668,4
DA:670,4
DA:672,12
DA:673,4
DA:674,4
DA:675,2
DA:676,0
DA:678,6
DA:680,8
DA:681,2
DA:682,2
DA:684,2
DA:685,2
DA:686,2
DA:687,2
DA:692,8
DA:693,4
DA:696,4
DA:699,24
DA:700,8
DA:701,8
DA:702,12
DA:704,8
DA:706,4
DA:708,4
DA:709,8
DA:712,16
DA:713,4
DA:715,4
DA:716,4
DA:717,4
DA:718,4
DA:721,4
DA:723,8
DA:725,9
DA:726,0
DA:727,3
DA:732,4
DA:733,8
DA:734,6
DA:736,2
DA:737,2
DA:738,2
DA:741,4
DA:742,4
DA:743,4
DA:744,2
DA:745,9
DA:746,3
DA:747,2
DA:752,2
DA:753,2
DA:754,2
DA:755,2
DA:761,4
DA:762,4
DA:763,6
DA:766,4
DA:769,0
DA:770,0
DA:773,4
DA:776,36
DA:777,1
DA:780,0
DA:784,4
DA:785,10
DA:786,4
DA:788,12
DA:790,4
DA:793,1
DA:797,9
DA:800,1
DA:801,0
DA:806,2
DA:807,0
DA:810,7
DA:813,3
DA:815,5
DA:817,0
DA:820,20
DA:822,8
DA:824,4
DA:827,4
DA:828,4
DA:829,4
DA:830,4
DA:831,4
DA:832,4
DA:833,4
DA:834,4
DA:835,4
DA:836,4
DA:837,8
DA:838,8
DA:839,6
DA:840,16
DA:845,4
DA:846,12
DA:849,4
DA:850,4
DA:855,12
DA:858,8
DA:859,3
DA:860,3
DA:861,1
DA:862,16
DA:863,15
DA:864,6
DA:865,3
DA:867,4
DA:870,4
DA:871,3
DA:872,3
DA:873,1
DA:874,8
DA:875,5
DA:876,2
DA:877,1
DA:879,2
DA:884,3
DA:885,4
DA:886,8
DA:887,6
DA:888,10
DA:889,6
DA:890,2
DA:891,8
DA:892,8
DA:895,2
DA:896,2
DA:897,4
DA:899,2
DA:905,4
DA:906,7
DA:907,4
DA:908,4
DA:911,3
DA:912,3
DA:915,3
DA:916,3
DA:921,6
DA:922,3
DA:925,3
DA:927,18
DA:929,6
DA:934,6
DA:937,12
DA:940,9
DA:942,3
DA:944,4
DA:947,3
DA:948,6
DA:949,6
DA:950,3
DA:951,1
DA:952,3
DA:953,3
DA:954,6
DA:955,6
DA:956,3
DA:957,1
DA:958,3
DA:960,3
DA:962,6
DA:963,15
DA:966,3
DA:968,6
DA:970,5
DA:973,12
DA:976,6
DA:977,6
DA:980,12
DA:983,5
DA:984,5
DA:985,5
DA:986,5
DA:987,5
DA:988,5
DA:989,5
DA:990,5
DA:995,5
DA:996,20
DA:997,5
DA:999,8
DA:1000,2
DA:1003,5
DA:1008,10
LF:415
LH:405
end_of_record
SF:lib\src\view\grid_background_painter.dart
DA:13,6
DA:58,6
DA:60,6
DA:61,12
DA:62,12
DA:64,6
DA:66,18
DA:72,18
DA:74,6
DA:78,6
DA:81,12
DA:85,1
DA:89,6
DA:92,6
DA:94,6
DA:97,6
DA:98,24
DA:100,1
DA:104,1
DA:105,1
DA:108,1
DA:109,4
DA:114,12
DA:115,6
DA:116,2
DA:119,6
DA:120,15
DA:121,10
DA:128,35
DA:129,35
DA:131,50
DA:133,50
DA:135,7
DA:136,7
DA:137,10
DA:139,10
DA:142,10
DA:149,30
DA:150,30
DA:157,7
DA:160,6
DA:162,1
DA:165,6
DA:168,6
DA:170,24
DA:171,24
DA:172,30
DA:173,18
DA:174,24
DA:178,30
DA:179,6
DA:182,36
DA:184,18
DA:185,24
DA:189,1
DA:191,4
DA:192,4
DA:193,5
DA:194,3
DA:195,4
DA:199,5
DA:200,1
DA:202,6
DA:204,3
DA:205,4
DA:209,5
DA:211,15
DA:212,3
DA:213,3
DA:214,3
DA:215,3
DA:216,3
DA:220,1
DA:222,3
DA:224,2
DA:225,3
LF:76
LH:76
end_of_record
SF:lib\src\view\resize_handle.dart
DA:49,6
DA:69,6
DA:70,6
DA:74,6
DA:77,1
DA:78,1
DA:79,2
DA:80,1
DA:81,1
DA:82,2
DA:83,1
DA:84,1
DA:85,2
DA:86,1
DA:87,1
DA:88,2
DA:94,5
DA:95,5
DA:97,5
DA:98,5
DA:100,5
DA:101,5
DA:103,5
DA:104,5
DA:109,6
DA:113,6
DA:114,6
DA:122,18
DA:123,6
DA:125,6
DA:126,12
DA:127,12
DA:128,6
DA:129,6
DA:130,12
DA:131,24
DA:132,12
DA:142,6
DA:152,6
DA:154,6
DA:155,12
DA:156,12
DA:157,6
DA:158,6
DA:160,6
DA:162,6
DA:163,6
DA:164,12
DA:165,6
DA:166,12
DA:167,6
DA:168,6
DA:169,12
DA:170,18
DA:171,6
DA:172,6
DA:173,12
DA:174,18
DA:175,6
DA:176,12
DA:177,18
DA:178,12
DA:179,6
DA:180,6
DA:181,12
DA:182,6
DA:183,12
DA:184,18
DA:185,6
DA:186,6
DA:187,12
DA:188,6
DA:189,12
DA:190,18
DA:193,6
DA:196,5
DA:198,15
DA:199,15
DA:200,15
DA:205,5
DA:214,10
DA:215,20
DA:216,10
DA:217,20
LF:84
LH:84
end_of_record
SF:lib\src\view\sliver_dashboard.dart
DA:36,10
DA:86,10
DA:87,10
DA:93,10
DA:95,10
DA:97,30
DA:100,10
DA:103,30
DA:104,30
DA:105,30
DA:108,10
DA:109,10
DA:111,20
DA:113,1
DA:114,3
DA:116,4
DA:117,3
DA:118,1
DA:119,2
DA:127,10
DA:128,30
DA:129,30
DA:130,20
DA:131,20
DA:132,20
DA:133,20
DA:134,20
DA:135,10
DA:136,9
DA:137,36
DA:142,9
DA:143,45
DA:144,9
DA:147,18
DA:148,18
DA:152,40
DA:154,8
DA:155,8
DA:156,24
DA:157,22
DA:158,56
DA:171,1
DA:172,3
DA:173,3
DA:175,2
DA:176,1
DA:177,1
DA:192,10
DA:225,10
DA:228,10
DA:230,10
DA:231,10
DA:232,10
DA:233,10
DA:234,10
DA:235,10
DA:236,10
DA:240,8
DA:243,16
DA:244,16
DA:245,16
DA:246,16
DA:247,16
DA:248,16
DA:249,16
DA:256,10
DA:275,8
DA:276,8
DA:277,16
DA:278,5
DA:279,5
DA:285,10
DA:286,8
DA:287,16
DA:288,1
DA:289,1
DA:295,18
DA:296,8
DA:297,16
DA:298,1
DA:299,1
DA:305,10
DA:306,8
DA:307,16
DA:308,0
DA:309,0
DA:315,10
DA:316,8
DA:317,16
DA:318,0
DA:319,0
DA:325,10
DA:326,8
DA:327,16
DA:328,0
DA:329,0
DA:335,9
DA:337,18
DA:338,18
DA:342,10
DA:344,11
DA:345,1
DA:346,10
DA:347,10
DA:350,20
DA:352,4
DA:353,4
DA:354,4
DA:356,0
DA:357,0
DA:363,9
DA:364,9
DA:367,9
DA:371,18
DA:374,56
DA:375,16
DA:377,21
DA:378,6
DA:382,27
DA:385,36
DA:386,18
DA:393,32
DA:394,32
DA:395,48
DA:396,48
DA:397,8
DA:398,8
DA:400,12
DA:401,12
DA:402,18
DA:403,18
DA:404,3
DA:405,3
DA:408,36
DA:412,27
DA:413,27
DA:416,18
DA:417,9
DA:419,36
DA:420,9
DA:421,11
DA:422,11
DA:424,18
DA:425,9
DA:426,9
DA:431,9
DA:433,0
DA:440,9
DA:441,14
DA:442,14
DA:446,14
DA:447,7
DA:448,4
DA:453,14
DA:454,7
DA:455,4
DA:458,7
DA:464,9
DA:465,9
DA:466,9
DA:467,11
DA:469,9
DA:471,18
DA:472,9
DA:473,36
DA:476,0
DA:482,9
DA:483,18
DA:484,14
DA:485,7
DA:487,7
DA:488,7
DA:489,7
DA:493,7
DA:494,7
DA:495,7
DA:498,16
DA:499,28
DA:505,9
DA:506,18
DA:507,2
DA:508,1
DA:510,1
DA:511,1
DA:512,1
DA:515,1
DA:516,1
DA:517,1
DA:520,2
DA:521,4
DA:527,9
DA:529,9
DA:530,9
DA:532,9
DA:533,9
DA:536,20
DA:537,36
DA:539,9
DA:540,27
DA:544,9
DA:548,9
DA:554,9
DA:560,18
DA:566,30
DA:569,9
DA:572,1
DA:573,3
DA:577,9
DA:579,9
DA:580,18
DA:582,9
DA:584,9
DA:585,9
DA:587,9
DA:589,40
DA:590,18
DA:591,54
DA:594,8
DA:595,8
DA:596,16
DA:597,24
DA:600,3
DA:601,3
DA:602,9
DA:603,6
DA:606,9
DA:608,9
DA:612,5
DA:618,5
DA:619,10
DA:621,5
DA:622,5
DA:628,20
DA:630,14
DA:632,14
DA:633,14
DA:635,5
DA:636,10
DA:637,5
DA:638,10
DA:641,5
DA:642,5
DA:644,5
DA:645,5
DA:647,5
DA:648,2
DA:652,5
DA:653,5
DA:662,3
DA:669,9
DA:671,9
DA:672,36
DA:675,9
DA:677,9
DA:678,18
DA:679,16
DA:680,6
DA:683,9
DA:685,9
DA:686,9
DA:688,18
DA:689,8
DA:691,3
LF:263
LH:253
end_of_record
SF:lib\src\view\widgets\dashboard_minimap.dart
DA:15,1
DA:54,1
DA:56,3
DA:57,3
DA:58,3
DA:61,1
DA:62,1
DA:63,1
DA:64,1
DA:69,2
DA:70,7
DA:71,7
DA:73,1
DA:74,1
DA:85,5
DA:86,3
DA:89,4
DA:90,1
DA:91,2
DA:95,2
DA:96,2
DA:100,4
DA:101,1
DA:102,2
DA:103,2
DA:104,2
DA:114,2
DA:117,5
DA:119,5
DA:122,2
DA:124,5
DA:125,5
DA:128,1
DA:129,1
DA:130,1
DA:131,1
DA:133,1
DA:138,1
DA:141,1
DA:142,1
DA:143,1
DA:146,1
DA:147,1
DA:149,1
DA:150,2
DA:151,1
DA:155,2
DA:156,1
DA:160,1
DA:161,1
DA:162,1
DA:164,1
DA:165,1
DA:166,1
DA:183,1
DA:188,5
DA:190,2
DA:191,1
DA:192,1
DA:193,1
DA:195,2
DA:197,1
DA:198,1
DA:199,1
DA:200,2
DA:202,1
DA:203,1
DA:204,1
DA:207,2
DA:212,1
DA:238,1
DA:240,4
DA:241,2
DA:243,2
DA:245,4
DA:246,4
DA:248,2
DA:260,9
DA:261,9
DA:264,11
DA:265,11
DA:268,9
DA:269,9
DA:271,11
DA:272,11
DA:275,1
DA:276,1
DA:277,3
DA:280,1
DA:282,1
DA:286,5
DA:287,2
DA:288,1
DA:289,1
DA:290,1
DA:291,1
DA:293,1
DA:294,2
DA:295,1
DA:296,1
DA:297,2
DA:301,2
DA:303,2
DA:306,5
DA:308,1
DA:309,3
DA:310,1
DA:311,3
DA:312,1
DA:317,1
DA:319,3
DA:320,3
DA:321,3
DA:322,3
DA:323,3
DA:324,3
DA:325,3
LF:117
LH:117
end_of_record
SF:lib\src\view\widgets\minimap_style.dart
DA:7,1
LF:1
LH:1
end_of_record
SF:lib\src\view\a11y\dashboard_intents.dart
DA:6,1
DA:12,1
DA:18,1
DA:30,1
LF:4
LH:4
end_of_record
SF:lib\src\view\dashboard_feedback_widget.dart
DA:12,5
DA:68,5
DA:71,15
DA:78,10
DA:79,30
DA:80,30
DA:81,40
DA:82,40
DA:84,12
DA:85,12
DA:86,16
DA:87,16
DA:91,15
DA:92,15
DA:95,10
DA:96,10
DA:99,5
DA:100,5
DA:101,5
DA:103,5
DA:108,8
DA:114,5
DA:115,5
DA:116,5
DA:117,5
DA:118,5
DA:124,5
DA:135,5
DA:140,5
DA:143,10
DA:145,10
DA:147,5
DA:150,15
DA:153,5
DA:155,30
LF:35
LH:35
end_of_record
SF:lib\src\view\dashboard_item_widget.dart
DA:26,9
DA:53,9
DA:54,9
DA:65,9
DA:67,9
DA:70,36
DA:71,27
DA:74,8
DA:76,8
DA:84,24
DA:85,48
DA:86,4
DA:87,4
DA:88,12
DA:93,1
DA:97,4
DA:100,9
DA:106,9
DA:108,9
DA:109,9
DA:114,18
DA:115,45
DA:119,18
DA:120,36
DA:123,18
DA:128,90
DA:131,81
DA:132,18
DA:135,9
DA:136,9
DA:137,1
DA:138,5
DA:139,5
DA:140,6
DA:144,9
DA:145,1
DA:147,5
DA:148,9
DA:153,9
DA:154,1
DA:156,3
DA:157,5
DA:158,5
DA:159,3
DA:164,9
DA:165,1
DA:167,1
DA:168,2
DA:176,9
DA:179,10
DA:180,5
DA:182,10
DA:183,5
DA:185,10
DA:186,5
DA:188,10
DA:189,5
DA:191,10
DA:192,5
DA:194,10
DA:195,5
DA:199,18
DA:200,9
DA:208,9
DA:209,9
DA:210,9
DA:212,25
DA:213,48
DA:214,1
DA:218,1
DA:219,2
DA:222,1
DA:223,2
DA:224,3
DA:227,9
DA:230,18
DA:231,11
DA:234,9
DA:236,10
DA:237,9
DA:238,18
DA:239,6
DA:240,5
DA:241,5
DA:242,5
DA:245,4
DA:246,4
DA:248,5
DA:251,9
DA:252,18
DA:253,9
LF:91
LH:91
end_of_record
SF:lib\src\view\dashboard_grid.dart
DA:20,7
DA:60,7
DA:61,7
DA:67,7
DA:69,7
DA:70,14
DA:71,7
DA:75,7
DA:77,7
DA:78,7
DA:80,28
DA:82,7
DA:84,28
DA:85,14
DA:86,14
DA:87,14
DA:88,14
DA:89,14
DA:92,28
DA:95,20
DA:96,20
DA:97,5
DA:100,25
DA:101,20
DA:104,15
DA:110,7
DA:116,3
DA:117,3
DA:121,15
DA:122,5
DA:123,1
DA:126,5
DA:127,5
DA:128,5
DA:131,30
DA:134,15
DA:135,15
DA:136,15
DA:140,10
DA:155,7
DA:157,13
DA:159,3
DA:160,3
DA:161,3
DA:162,3
DA:165,3
DA:172,14
DA:173,7
LF:48
LH:48
end_of_record
SF:lib\src\controller\utility.dart
DA:11,7
DA:23,4
DA:29,1
DA:30,2
DA:31,2
DA:32,1
DA:34,1
DA:35,1
DA:36,1
DA:40,3
DA:41,2
DA:42,6
DA:43,6
DA:44,2
DA:45,2
DA:51,1
DA:54,2
DA:55,2
DA:56,5
DA:59,2
DA:60,1
DA:61,2
DA:62,2
DA:63,1
DA:64,2
DA:65,1
DA:66,1
DA:69,2
DA:78,2
DA:80,1
DA:81,2
DA:83,2
DA:85,3
DA:86,3
DA:87,7
DA:88,7
DA:94,1
DA:98,2
DA:99,6
DA:100,0
DA:103,1
DA:104,3
DA:105,4
DA:112,1
DA:113,2
DA:114,2
DA:115,1
DA:117,1
DA:118,1
DA:119,1
DA:123,3
DA:124,2
DA:125,6
DA:126,6
DA:127,2
DA:128,2
DA:134,1
DA:136,2
DA:137,2
DA:138,2
DA:141,3
DA:142,1
DA:143,1
DA:145,1
DA:146,1
DA:147,2
DA:162,1
DA:163,1
DA:164,4
DA:166,6
DA:167,4
DA:169,2
DA:173,1
DA:174,1
DA:175,2
DA:179,1
DA:180,1
DA:181,2
DA:182,6
LF:79
LH:78
end_of_record
SF:lib\src\view\guidance\guidance_interactor.dart
DA:14,2
DA:27,2
DA:28,2
DA:39,2
DA:40,4
DA:41,4
DA:43,2
DA:45,2
DA:46,6
DA:47,6
DA:50,2
DA:52,2
DA:53,2
DA:56,2
DA:57,2
DA:59,4
DA:60,2
DA:62,2
DA:64,4
DA:65,2
DA:66,2
DA:67,2
DA:68,2
DA:69,2
DA:71,2
DA:72,2
DA:75,2
DA:77,2
DA:79,2
DA:80,2
DA:83,2
DA:85,2
DA:94,8
DA:97,2
DA:101,2
DA:102,4
DA:103,2
DA:106,2
DA:107,2
DA:108,4
DA:109,2
DA:110,2
DA:114,2
DA:116,2
DA:118,2
DA:120,2
DA:121,2
DA:122,2
DA:131,2
DA:133,2
DA:144,2
DA:146,12
DA:147,2
DA:151,2
DA:152,2
DA:153,4
DA:156,2
DA:157,1
DA:158,1
DA:162,2
DA:163,4
DA:164,2
DA:170,1
DA:171,1
DA:173,1
DA:174,4
DA:179,2
DA:180,2
DA:183,1
DA:187,6
DA:188,6
DA:192,4
DA:193,3
DA:199,4
DA:202,4
DA:204,2
DA:206,2
DA:207,6
DA:208,6
DA:213,1
DA:216,1
DA:217,1
DA:218,1
DA:219,1
DA:220,1
DA:221,1
DA:222,1
DA:223,1
DA:224,1
DA:225,1
DA:226,1
DA:227,1
DA:228,1
DA:232,4
LF:94
LH:94
end_of_record
SF:lib\src\models\utility.dart
DA:4,8
DA:5,16
DA:6,8
LF:3
LH:3
end_of_record
