SF:lib\src\controller\layout_metrics.dart
DA:12,9
DA:26,8
DA:35,8
DA:40,21
DA:41,28
DA:42,7
DA:44,9
DA:45,12
DA:46,3
DA:49,8
DA:87,2
DA:91,4
DA:92,4
DA:93,5
DA:95,5
DA:96,5
DA:99,10
DA:100,8
DA:102,10
DA:103,10
LF:20
LH:20
end_of_record
SF:lib\src\engine\layout_engine.dart
DA:29,2
DA:31,4
DA:32,6
DA:33,2
DA:41,8
DA:42,8
DA:43,8
DA:44,2
DA:45,9
DA:47,3
DA:50,1
DA:53,14
DA:54,51
DA:56,33
DA:59,6
DA:66,7
DA:67,21
DA:68,35
DA:69,35
DA:70,35
DA:71,35
DA:76,7
DA:77,13
DA:78,6
DA:86,4
DA:87,4
DA:90,4
DA:91,12
DA:92,4
DA:93,12
DA:94,4
DA:96,8
DA:97,8
DA:101,8
DA:102,16
DA:103,8
DA:104,12
DA:106,3
DA:112,8
DA:113,30
DA:120,7
DA:128,7
DA:129,7
DA:132,20
DA:133,18
DA:136,3
DA:137,3
DA:142,7
DA:144,1
DA:147,3
DA:151,5
DA:154,15
DA:158,4
DA:159,5
DA:163,35
DA:167,5
DA:174,11
DA:175,5
DA:176,12
DA:177,16
DA:180,25
DA:182,20
DA:183,5
DA:184,5
DA:185,20
DA:186,4
DA:187,6
DA:191,5
DA:192,10
DA:193,6
DA:201,8
DA:204,16
DA:205,8
DA:206,16
DA:208,15
DA:210,7
DA:211,7
DA:212,7
DA:215,35
DA:218,48
DA:219,6
DA:221,12
DA:225,16
DA:230,4
DA:231,8
DA:232,4
DA:234,6
DA:236,8
DA:237,3
DA:239,4
DA:240,1
DA:243,2
DA:244,2
DA:246,0
DA:247,0
DA:250,2
DA:260,7
DA:271,7
DA:273,7
DA:274,7
DA:278,35
DA:281,7
DA:282,6
DA:283,12
DA:284,12
DA:288,7
DA:291,28
DA:292,14
DA:294,14
DA:295,7
DA:298,7
DA:299,7
DA:302,7
DA:303,21
DA:304,7
DA:305,21
DA:307,7
DA:309,14
DA:310,21
DA:313,72
DA:316,5
DA:320,19
DA:322,12
DA:323,10
DA:325,5
DA:327,9
DA:328,3
DA:329,6
DA:330,3
DA:334,10
DA:337,10
DA:340,15
DA:341,10
DA:343,5
DA:344,10
DA:345,5
DA:349,14
DA:353,7
DA:363,1
DA:368,4
DA:370,2
DA:374,3
DA:375,5
DA:376,2
DA:378,2
DA:379,3
DA:380,2
DA:389,5
DA:390,2
DA:392,2
DA:393,3
DA:400,2
DA:404,4
DA:412,24
DA:415,24
DA:416,4
DA:419,4
DA:424,3
DA:426,1
DA:439,3
DA:442,3
DA:443,3
DA:451,15
DA:452,3
DA:455,7
DA:465,3
DA:473,1
DA:476,1
DA:477,1
DA:497,1
DA:503,9
DA:504,9
DA:507,2
DA:509,1
DA:515,1
DA:518,2
DA:523,1
DA:525,3
DA:527,1
DA:532,1
DA:536,2
DA:537,1
DA:545,1
DA:548,2
DA:551,1
DA:554,1
DA:563,8
DA:564,8
DA:566,8
DA:569,15
DA:571,0
DA:572,0
DA:574,39
DA:575,15
DA:579,8
DA:581,24
DA:582,8
DA:586,8
DA:587,3
DA:595,8
DA:597,14
DA:598,6
DA:601,0
DA:603,4
DA:610,8
DA:612,8
DA:621,1
DA:623,4
DA:624,4
DA:628,2
DA:629,6
DA:630,3
DA:634,1
DA:637,2
DA:642,1
DA:644,4
DA:645,1
DA:649,2
DA:650,1
DA:658,1
DA:664,1
DA:671,0
DA:680,1
LF:223
LH:217
end_of_record
SF:lib\src\models\layout_item.dart
DA:13,10
DA:30,2
DA:31,2
DA:34,2
DA:36,4
DA:37,4
DA:38,4
DA:39,4
DA:40,2
DA:41,2
DA:43,2
DA:44,2
DA:45,2
DA:46,2
DA:47,2
DA:48,2
DA:53,2
DA:54,2
DA:55,2
DA:56,2
DA:57,2
DA:58,2
DA:59,2
DA:60,2
DA:61,2
DA:63,5
DA:64,4
DA:65,2
DA:66,2
DA:67,2
DA:68,2
DA:75,16
DA:76,8
DA:77,8
DA:78,8
DA:79,8
DA:80,8
DA:81,8
DA:82,8
DA:83,8
DA:84,8
DA:85,8
DA:89,9
DA:104,9
DA:105,9
DA:106,8
DA:107,7
DA:108,9
DA:109,9
DA:110,9
DA:111,9
DA:112,9
DA:113,9
DA:114,9
DA:115,9
DA:116,9
DA:117,9
DA:121,8
DA:124,5
DA:125,15
DA:126,15
DA:127,15
DA:128,6
DA:129,3
DA:130,3
DA:131,3
DA:132,3
DA:133,3
DA:134,3
DA:135,3
DA:136,3
DA:137,3
DA:138,3
DA:140,2
DA:141,2
DA:142,2
DA:143,2
DA:144,2
DA:145,2
DA:146,2
DA:147,2
DA:148,2
DA:149,2
DA:150,2
DA:151,2
DA:152,2
DA:153,2
DA:154,2
DA:157,1
DA:159,7
LF:90
LH:90
end_of_record
SF:lib\src\controller\dashboard_controller_impl.dart
DA:24,10
DA:30,20
DA:31,20
DA:78,55
DA:86,5
DA:87,10
DA:106,7
DA:108,14
DA:111,7
DA:113,14
DA:116,7
DA:118,14
DA:121,3
DA:123,12
DA:126,1
DA:128,2
DA:131,3
DA:133,9
DA:135,4
DA:137,6
DA:138,6
DA:141,1
DA:143,2
DA:146,1
DA:148,2
DA:151,1
DA:156,3
DA:159,1
DA:162,2
DA:163,6
DA:165,5
DA:167,1
DA:170,1
DA:171,1
DA:178,2
DA:181,1
DA:188,1
DA:190,2
DA:191,2
DA:194,2
DA:195,1
DA:198,2
DA:200,12
DA:201,2
DA:204,4
DA:205,2
DA:206,4
DA:207,4
DA:208,4
DA:210,4
DA:212,2
DA:215,3
DA:217,6
DA:218,3
DA:219,15
DA:220,6
DA:221,6
DA:223,6
DA:224,3
DA:227,1
DA:229,6
DA:232,1
DA:234,2
DA:235,1
DA:236,1
DA:238,1
DA:239,0
DA:242,1
DA:245,3
DA:248,3
DA:250,2
DA:251,2
DA:255,1
DA:258,6
DA:260,12
DA:261,12
DA:262,12
DA:263,12
DA:264,12
DA:265,12
DA:266,12
DA:267,12
DA:268,12
DA:269,12
DA:270,12
DA:271,12
DA:272,12
DA:273,12
DA:274,12
DA:283,4
DA:284,8
DA:291,8
DA:292,24
DA:293,6
DA:300,4
DA:306,8
DA:307,18
DA:311,8
DA:312,20
DA:315,4
DA:325,8
DA:328,12
DA:331,13
DA:334,4
DA:336,4
DA:341,8
DA:342,8
DA:357,12
DA:358,20
DA:361,8
DA:365,2
DA:366,4
DA:368,10
DA:369,4
DA:370,6
DA:374,2
DA:377,4
DA:382,12
DA:384,2
DA:391,8
DA:392,4
DA:394,2
DA:401,6
DA:403,4
DA:404,4
DA:409,4
DA:410,6
DA:412,2
DA:416,6
DA:417,36
DA:418,6
DA:419,12
DA:420,24
DA:421,12
DA:425,6
DA:433,12
DA:434,12
DA:437,24
DA:438,24
DA:443,18
DA:444,30
DA:445,6
DA:447,2
DA:448,10
DA:452,6
DA:453,12
DA:457,12
DA:458,12
DA:459,12
DA:461,12
DA:464,12
DA:465,12
DA:467,12
DA:468,12
DA:471,18
DA:475,5
DA:476,10
DA:481,5
DA:482,10
DA:483,10
DA:484,10
DA:488,10
DA:490,8
DA:492,10
DA:493,15
DA:494,10
DA:498,3
DA:499,18
DA:500,9
DA:501,6
DA:502,12
DA:503,6
DA:507,3
DA:516,6
DA:517,6
DA:519,18
DA:521,9
DA:522,9
DA:524,3
DA:525,3
DA:526,3
DA:527,3
DA:530,3
DA:531,6
DA:532,6
DA:533,2
DA:534,3
DA:535,3
DA:536,3
DA:537,2
DA:538,3
DA:539,3
DA:540,3
DA:541,2
DA:542,3
DA:543,3
DA:544,3
DA:545,3
DA:546,2
DA:547,3
DA:548,3
DA:549,2
DA:550,6
DA:551,1
DA:552,3
DA:553,3
DA:554,1
DA:555,3
DA:559,6
DA:560,6
DA:561,6
DA:562,6
DA:565,9
DA:566,3
DA:567,1
DA:570,12
DA:571,0
DA:575,1
DA:576,1
DA:579,4
DA:580,3
DA:584,3
DA:586,3
DA:587,6
DA:589,6
DA:590,6
DA:591,6
DA:594,6
DA:598,3
DA:599,6
DA:604,3
DA:605,6
DA:606,6
DA:607,6
DA:611,6
DA:613,3
DA:615,6
DA:616,9
DA:617,6
DA:620,2
DA:622,4
DA:623,2
DA:626,14
DA:627,6
DA:630,6
DA:633,2
DA:636,4
DA:640,2
DA:641,2
DA:648,2
DA:650,10
DA:653,4
DA:654,4
DA:655,4
DA:658,4
DA:662,14
DA:665,4
DA:722,2
DA:724,4
DA:727,6
DA:728,10
DA:732,4
DA:733,6
DA:734,4
DA:735,4
DA:738,0
DA:740,0
DA:741,0
DA:744,0
DA:746,0
DA:747,0
LF:271
LH:263
end_of_record
SF:lib\src\controller\utility.dart
DA:11,6
DA:23,4
DA:29,1
DA:30,2
DA:31,2
DA:32,1
DA:34,1
DA:35,1
DA:36,1
DA:40,3
DA:41,2
DA:42,6
DA:43,6
DA:44,2
DA:45,2
DA:51,1
DA:54,2
DA:55,2
DA:56,5
DA:59,2
DA:60,1
DA:61,2
DA:62,2
DA:63,1
DA:64,2
DA:65,1
DA:66,1
DA:69,2
DA:78,2
DA:80,1
DA:81,2
DA:83,2
DA:85,3
DA:86,3
DA:87,7
DA:88,7
DA:94,1
DA:98,2
DA:99,6
DA:100,0
DA:103,1
DA:104,3
DA:105,4
DA:112,1
DA:113,2
DA:114,2
DA:115,1
DA:117,1
DA:118,1
DA:119,1
DA:123,3
DA:124,2
DA:125,6
DA:126,6
DA:127,2
DA:128,2
DA:134,1
DA:136,2
DA:137,2
DA:138,2
DA:141,3
DA:142,1
DA:143,1
DA:145,1
DA:146,1
DA:147,2
DA:162,1
DA:163,1
DA:164,4
DA:166,6
DA:167,4
DA:169,2
DA:173,1
DA:174,1
DA:175,2
DA:179,1
DA:180,1
DA:181,2
DA:182,6
DA:193,7
DA:194,14
DA:195,7
LF:82
LH:81
end_of_record
SF:lib\src\view\a11y\dashboard_shortcuts.dart
DA:8,4
LF:1
LH:1
end_of_record
SF:lib\src\view\resize_handle.dart
DA:49,6
DA:69,6
DA:70,6
DA:74,6
DA:77,1
DA:78,1
DA:79,2
DA:80,1
DA:81,1
DA:82,2
DA:83,1
DA:84,1
DA:85,2
DA:86,1
DA:87,1
DA:88,2
DA:94,5
DA:95,5
DA:97,5
DA:98,5
DA:100,5
DA:101,5
DA:103,5
DA:104,5
DA:109,6
DA:113,6
DA:114,6
DA:122,18
DA:123,6
DA:125,6
DA:126,12
DA:127,12
DA:128,6
DA:129,6
DA:130,12
DA:131,24
DA:132,12
DA:142,6
DA:152,6
DA:154,6
DA:155,12
DA:156,12
DA:157,6
DA:158,6
DA:160,6
DA:162,6
DA:163,6
DA:164,12
DA:165,6
DA:166,12
DA:167,6
DA:168,6
DA:169,12
DA:170,18
DA:171,6
DA:172,6
DA:173,12
DA:174,18
DA:175,6
DA:176,12
DA:177,18
DA:178,12
DA:179,6
DA:180,6
DA:181,12
DA:182,6
DA:183,12
DA:184,18
DA:185,6
DA:186,6
DA:187,12
DA:188,6
DA:189,12
DA:190,18
DA:193,6
DA:196,5
DA:198,15
DA:199,15
DA:200,15
DA:205,5
DA:214,10
DA:215,20
DA:216,10
DA:217,20
LF:84
LH:84
end_of_record
SF:lib\src\controller\dashboard_controller_provider.dart
DA:10,9
DA:20,9
DA:21,9
DA:22,9
DA:23,9
DA:26,2
DA:30,6
LF:7
LH:7
end_of_record
SF:lib\src\view\dashboard_configuration.dart
DA:7,1
DA:32,1
DA:56,1
DA:61,1
DA:62,1
DA:63,1
DA:64,1
DA:73,1
DA:93,1
DA:99,1
DA:100,0
DA:101,1
DA:102,1
DA:103,1
DA:113,1
LF:15
LH:14
end_of_record
SF:lib\src\view\dashboard.dart
DA:25,7
DA:166,7
DA:167,7
DA:174,7
DA:176,7
DA:177,21
DA:178,27
DA:181,35
DA:182,35
DA:183,42
DA:184,35
DA:185,35
DA:188,7
DA:190,7
DA:191,12
DA:193,7
DA:196,2
DA:198,2
DA:200,8
DA:201,0
DA:202,0
DA:204,0
DA:205,0
DA:209,8
DA:210,0
DA:212,8
DA:213,5
DA:215,8
DA:216,0
DA:218,8
DA:219,0
DA:223,7
DA:228,7
DA:229,14
DA:230,7
DA:231,14
DA:232,14
DA:233,14
DA:234,14
DA:235,14
DA:236,14
DA:237,14
DA:238,14
DA:239,14
DA:240,14
DA:241,14
DA:242,14
DA:243,14
DA:244,14
DA:245,14
DA:246,14
DA:247,14
DA:250,14
DA:251,14
DA:252,14
DA:253,14
DA:254,14
DA:255,14
DA:258,7
DA:259,14
DA:260,24
DA:261,7
DA:262,7
DA:263,7
DA:264,7
DA:265,14
DA:266,14
DA:267,14
DA:268,7
DA:269,7
DA:270,14
DA:271,7
DA:272,14
DA:273,14
DA:274,14
DA:275,14
DA:276,14
DA:277,14
DA:278,14
DA:279,14
LF:80
LH:73
end_of_record
SF:lib\src\view\dashboard_item_wrapper.dart
DA:12,8
DA:28,8
DA:30,8
DA:31,16
DA:32,24
DA:34,24
DA:35,6
DA:37,6
DA:38,6
DA:39,6
DA:42,6
DA:44,6
DA:47,6
DA:49,6
DA:52,6
DA:54,6
DA:57,6
DA:59,6
DA:63,6
DA:64,6
DA:67,6
DA:71,6
DA:72,6
DA:75,6
DA:79,6
DA:80,6
DA:83,6
DA:87,6
DA:88,6
DA:93,7
DA:95,12
LF:31
LH:31
end_of_record
SF:lib\src\view\dashboard_overlay.dart
DA:28,9
DA:148,9
DA:149,9
DA:189,9
DA:190,18
DA:191,8
DA:193,9
DA:195,9
DA:196,10
DA:197,18
DA:198,18
DA:199,10
DA:200,9
DA:203,9
DA:205,9
DA:206,18
DA:207,9
DA:208,2
DA:209,4
DA:212,2
DA:213,4
DA:214,4
DA:215,4
DA:217,1
DA:218,1
DA:219,1
DA:224,1
DA:225,3
DA:226,4
DA:227,1
DA:230,2
DA:231,2
DA:232,2
DA:233,2
DA:237,6
DA:240,8
DA:242,4
DA:244,4
DA:247,0
DA:250,2
DA:252,9
DA:253,9
DA:254,9
DA:257,9
DA:259,18
DA:260,0
DA:261,18
DA:262,7
DA:263,7
DA:264,14
DA:265,14
DA:266,14
DA:267,14
DA:268,14
DA:269,14
DA:270,14
DA:271,14
DA:272,14
DA:277,9
DA:278,9
DA:281,18
DA:283,18
DA:284,15
DA:285,13
DA:287,15
DA:289,12
DA:290,13
DA:291,18
DA:296,9
DA:297,9
DA:305,9
DA:306,9
DA:307,18
DA:308,9
DA:309,36
DA:310,36
DA:311,5
DA:316,40
DA:317,0
DA:320,5
DA:322,10
DA:326,5
DA:328,5
DA:332,20
DA:333,5
DA:334,10
DA:344,15
DA:350,5
DA:354,5
DA:359,10
DA:362,10
DA:364,2
DA:371,5
DA:372,10
DA:378,10
DA:379,15
DA:381,2
DA:382,3
DA:386,10
DA:389,5
DA:391,10
DA:392,10
DA:393,10
DA:394,5
DA:395,5
DA:396,5
DA:397,5
DA:398,5
DA:399,10
DA:408,9
DA:409,18
DA:411,1
DA:412,1
DA:413,4
DA:414,5
DA:417,2
DA:418,2
DA:420,1
DA:421,1
DA:422,1
DA:423,1
DA:424,1
DA:426,1
DA:428,1
DA:429,1
DA:430,1
DA:431,1
DA:432,2
DA:433,2
DA:434,3
DA:451,4
DA:454,8
DA:457,4
DA:458,4
DA:460,4
DA:461,8
DA:462,4
DA:463,4
DA:464,4
DA:465,8
DA:466,4
DA:467,4
DA:468,4
DA:469,12
DA:471,8
DA:484,5
DA:486,5
DA:488,5
DA:492,5
DA:495,10
DA:496,5
DA:500,4
DA:501,16
DA:503,4
DA:509,4
DA:511,13
DA:513,8
DA:515,12
DA:516,16
DA:519,8
DA:520,4
DA:523,4
DA:525,4
DA:527,12
DA:529,8
DA:530,2
DA:532,8
DA:533,2
DA:535,20
DA:536,20
DA:538,12
DA:540,4
DA:542,4
DA:544,4
DA:545,8
DA:546,4
DA:549,8
DA:550,4
DA:551,4
DA:552,4
DA:555,4
DA:556,10
DA:558,9
DA:559,20
DA:564,4
DA:565,4
DA:567,4
DA:568,4
DA:569,4
DA:572,4
DA:573,4
DA:575,4
DA:577,12
DA:578,4
DA:579,4
DA:580,2
DA:581,0
DA:583,6
DA:585,8
DA:586,2
DA:587,2
DA:589,2
DA:590,2
DA:591,2
DA:592,2
DA:597,8
DA:598,4
DA:601,4
DA:604,24
DA:605,8
DA:606,8
DA:607,10
DA:609,8
DA:611,4
DA:613,4
DA:614,8
DA:617,16
DA:618,4
DA:620,4
DA:621,4
DA:622,4
DA:623,4
DA:626,4
DA:628,8
DA:630,0
DA:631,0
DA:632,0
DA:637,4
DA:638,8
DA:639,3
DA:641,1
DA:642,1
DA:643,1
DA:646,2
DA:647,2
DA:648,2
DA:649,1
DA:650,5
DA:651,3
DA:652,2
DA:657,0
DA:658,0
DA:659,0
DA:660,0
DA:666,4
DA:667,4
DA:668,5
DA:670,4
DA:673,36
DA:674,0
DA:677,0
DA:681,4
DA:682,10
DA:683,4
DA:685,10
DA:687,2
DA:688,0
DA:691,4
DA:692,3
DA:693,5
DA:695,0
DA:698,20
DA:700,8
DA:702,4
DA:705,4
DA:706,4
DA:707,4
DA:708,4
DA:709,4
DA:710,4
DA:711,4
DA:712,4
DA:713,4
DA:714,4
DA:715,8
DA:716,8
DA:717,5
DA:718,16
DA:723,4
DA:724,12
DA:727,4
DA:728,4
DA:733,12
DA:736,8
DA:737,0
DA:738,0
DA:739,0
DA:740,16
DA:741,5
DA:742,2
DA:743,1
DA:745,4
DA:748,2
DA:749,0
DA:750,0
DA:751,0
DA:752,4
DA:753,0
DA:754,0
DA:755,0
DA:757,1
DA:762,1
DA:763,1
DA:764,3
DA:765,3
DA:766,5
DA:767,3
DA:768,1
DA:769,4
DA:770,4
DA:773,1
DA:774,1
DA:775,2
DA:777,2
DA:783,4
DA:784,5
DA:785,4
DA:786,4
DA:789,2
DA:790,2
DA:793,2
DA:794,2
DA:799,4
DA:800,2
DA:803,2
DA:805,12
DA:807,4
DA:812,4
DA:815,8
DA:818,6
DA:820,0
DA:822,0
DA:825,2
DA:826,4
DA:827,4
DA:828,2
DA:829,0
DA:830,2
DA:831,2
DA:832,4
DA:833,4
DA:834,2
DA:835,0
DA:836,2
DA:838,2
DA:840,4
DA:841,10
DA:844,2
DA:846,4
DA:848,0
DA:851,8
DA:854,4
DA:855,4
DA:858,8
DA:861,5
DA:862,5
DA:863,5
DA:864,5
DA:865,5
DA:866,5
DA:867,5
DA:868,5
DA:873,5
DA:874,20
DA:875,5
DA:877,4
DA:878,1
DA:881,5
DA:886,10
LF:369
LH:340
end_of_record
SF:lib\src\view\grid_background_painter.dart
DA:13,5
DA:57,5
DA:59,5
DA:60,10
DA:61,10
DA:63,5
DA:65,15
DA:71,15
DA:73,5
DA:77,5
DA:80,12
DA:84,0
DA:88,5
DA:91,5
DA:93,5
DA:96,5
DA:97,20
DA:99,1
DA:103,1
DA:104,1
DA:107,1
DA:108,4
DA:113,9
DA:116,12
DA:129,28
DA:130,28
DA:131,40
DA:132,40
DA:134,7
DA:135,7
DA:136,10
DA:138,10
DA:141,8
DA:147,25
DA:148,25
DA:155,6
DA:158,5
DA:160,1
DA:163,5
DA:166,5
DA:168,20
DA:169,20
DA:170,25
DA:171,15
DA:172,20
DA:176,25
DA:177,5
DA:180,30
DA:182,15
DA:183,20
DA:187,1
DA:189,4
DA:190,4
DA:191,5
DA:192,3
DA:193,4
DA:197,5
DA:198,1
DA:200,6
DA:202,3
DA:203,4
DA:207,4
DA:209,12
DA:210,0
DA:211,0
DA:212,0
DA:213,0
DA:214,0
LF:68
LH:62
end_of_record
SF:lib\src\view\sliver_dashboard.dart
DA:36,9
DA:86,9
DA:87,9
DA:93,9
DA:95,9
DA:97,27
DA:100,9
DA:103,27
DA:104,27
DA:105,27
DA:108,9
DA:109,9
DA:111,18
DA:113,1
DA:114,3
DA:116,4
DA:117,3
DA:118,1
DA:119,2
DA:127,9
DA:128,27
DA:129,27
DA:130,18
DA:131,18
DA:132,18
DA:133,18
DA:134,18
DA:135,9
DA:136,8
DA:137,32
DA:142,8
DA:143,40
DA:144,8
DA:147,16
DA:148,16
DA:152,36
DA:154,8
DA:155,8
DA:156,24
DA:157,21
DA:158,56
DA:171,1
DA:172,3
DA:173,3
DA:175,2
DA:176,1
DA:177,1
DA:192,9
DA:225,9
DA:228,9
DA:230,9
DA:231,9
DA:232,9
DA:233,9
DA:234,9
DA:235,9
DA:236,9
DA:240,8
DA:243,16
DA:244,16
DA:245,16
DA:246,16
DA:247,16
DA:248,16
DA:249,16
DA:256,9
DA:275,8
DA:276,8
DA:277,16
DA:278,5
DA:279,5
DA:285,10
DA:286,8
DA:287,16
DA:288,1
DA:289,1
DA:295,16
DA:296,8
DA:297,16
DA:298,1
DA:299,1
DA:305,10
DA:306,8
DA:307,16
DA:308,0
DA:309,0
DA:315,10
DA:316,8
DA:317,16
DA:318,0
DA:319,0
DA:325,10
DA:326,8
DA:327,16
DA:328,0
DA:329,0
DA:335,8
DA:337,16
DA:338,16
DA:342,9
DA:344,10
DA:345,1
DA:346,9
DA:347,9
DA:350,18
DA:352,3
DA:353,3
DA:354,3
DA:356,0
DA:357,0
DA:363,8
DA:364,8
DA:367,8
DA:371,16
DA:374,49
DA:375,14
DA:377,14
DA:378,4
DA:382,24
DA:385,32
DA:386,16
DA:393,28
DA:394,28
DA:395,42
DA:396,42
DA:397,7
DA:398,7
DA:400,8
DA:401,8
DA:402,12
DA:403,12
DA:404,2
DA:405,2
DA:408,32
DA:412,24
DA:413,24
DA:416,16
DA:417,8
DA:419,32
DA:420,8
DA:421,9
DA:422,9
DA:424,16
DA:425,8
DA:426,8
DA:431,8
DA:433,0
DA:440,8
DA:441,12
DA:442,12
DA:446,12
DA:447,6
DA:448,2
DA:453,12
DA:454,6
DA:455,2
DA:458,6
DA:464,8
DA:465,8
DA:466,8
DA:467,9
DA:469,8
DA:471,16
DA:472,8
DA:473,32
DA:476,0
DA:482,8
DA:483,16
DA:484,10
DA:485,5
DA:487,5
DA:488,5
DA:489,5
DA:493,5
DA:494,5
DA:495,5
DA:498,11
DA:499,20
DA:505,8
DA:506,16
DA:507,0
DA:508,0
DA:510,0
DA:511,0
DA:512,0
DA:515,0
DA:516,0
DA:517,0
DA:520,0
DA:521,0
DA:527,8
DA:529,8
DA:530,8
DA:532,8
DA:533,8
DA:536,17
DA:537,32
DA:539,8
DA:540,24
DA:544,8
DA:548,8
DA:554,8
DA:560,16
DA:566,28
DA:569,8
DA:572,1
DA:573,3
DA:577,8
DA:579,8
DA:580,16
DA:582,8
DA:584,8
DA:585,8
DA:587,8
DA:589,34
DA:590,16
DA:591,48
DA:594,7
DA:595,7
DA:596,14
DA:597,21
DA:600,2
DA:601,2
DA:602,6
DA:603,4
DA:606,8
DA:608,8
DA:612,5
DA:618,5
DA:619,10
DA:621,5
DA:622,5
DA:628,20
DA:630,12
DA:632,12
DA:633,12
DA:635,5
DA:636,10
DA:637,5
DA:638,10
DA:641,5
DA:642,5
DA:644,5
DA:645,5
DA:647,5
DA:648,1
DA:652,5
DA:653,5
DA:662,2
DA:669,8
DA:671,8
DA:672,32
DA:675,8
DA:677,8
DA:678,16
DA:679,14
DA:680,4
DA:683,8
DA:685,8
DA:686,8
DA:688,16
DA:689,7
DA:691,2
LF:263
LH:243
end_of_record
SF:lib\src\view\a11y\dashboard_intents.dart
DA:6,1
DA:12,1
DA:18,1
DA:30,1
LF:4
LH:4
end_of_record
SF:lib\src\view\dashboard_feedback_widget.dart
DA:12,5
DA:68,5
DA:71,15
DA:78,10
DA:79,30
DA:80,30
DA:81,40
DA:82,40
DA:84,6
DA:85,6
DA:86,8
DA:87,8
DA:91,15
DA:92,15
DA:95,10
DA:96,10
DA:99,5
DA:100,5
DA:101,5
DA:103,5
DA:108,8
DA:114,5
DA:115,5
DA:116,5
DA:117,5
DA:118,5
DA:124,5
DA:135,5
DA:140,5
DA:143,10
DA:145,10
DA:147,5
DA:150,15
DA:153,5
DA:155,30
LF:35
LH:35
end_of_record
SF:lib\src\view\dashboard_item_widget.dart
DA:26,8
DA:53,8
DA:54,8
DA:65,8
DA:67,8
DA:70,32
DA:71,24
DA:74,8
DA:76,8
DA:84,24
DA:85,48
DA:86,4
DA:87,4
DA:88,12
DA:93,1
DA:97,4
DA:100,8
DA:106,8
DA:108,8
DA:109,8
DA:114,16
DA:115,40
DA:120,16
DA:121,32
DA:123,80
DA:126,72
DA:127,16
DA:130,8
DA:131,8
DA:132,1
DA:133,5
DA:134,5
DA:135,6
DA:139,8
DA:140,1
DA:142,5
DA:143,9
DA:148,8
DA:149,1
DA:151,3
DA:152,5
DA:153,5
DA:154,3
DA:159,8
DA:160,1
DA:162,1
DA:163,2
DA:171,8
DA:174,10
DA:175,5
DA:177,10
DA:178,5
DA:180,10
DA:181,5
DA:183,10
DA:184,5
DA:186,10
DA:187,5
DA:189,10
DA:190,5
DA:194,16
DA:195,8
DA:203,8
DA:204,8
DA:205,8
DA:207,22
DA:208,34
DA:209,1
DA:213,1
DA:214,2
DA:217,1
DA:218,2
DA:219,3
DA:222,8
DA:225,16
DA:226,10
DA:229,8
DA:230,10
DA:231,8
DA:232,8
DA:233,1
DA:234,1
DA:235,1
DA:238,1
DA:241,1
DA:244,8
DA:245,16
DA:246,8
LF:88
LH:88
end_of_record
SF:lib\src\view\dashboard_grid.dart
DA:19,7
DA:59,7
DA:60,7
DA:66,7
DA:68,7
DA:69,14
DA:70,7
DA:74,7
DA:76,7
DA:77,7
DA:79,28
DA:81,7
DA:83,28
DA:84,14
DA:85,14
DA:86,14
DA:87,14
DA:88,14
DA:91,28
DA:94,20
DA:96,32
DA:99,15
DA:105,7
DA:111,3
DA:112,3
DA:116,15
DA:117,5
DA:118,1
DA:121,5
DA:122,5
DA:123,5
DA:126,30
DA:129,15
DA:130,15
DA:131,15
DA:135,10
DA:150,7
DA:152,13
DA:154,3
DA:155,3
DA:156,3
DA:157,3
DA:160,3
DA:167,14
DA:168,7
LF:45
LH:45
end_of_record
SF:lib\src\view\guidance\guidance_interactor.dart
DA:14,2
DA:27,2
DA:28,2
DA:39,2
DA:40,4
DA:41,4
DA:43,2
DA:45,2
DA:46,6
DA:47,6
DA:50,2
DA:52,2
DA:53,2
DA:56,2
DA:57,2
DA:59,4
DA:60,2
DA:62,2
DA:64,4
DA:65,2
DA:66,2
DA:67,2
DA:68,2
DA:69,2
DA:71,2
DA:72,2
DA:75,2
DA:77,2
DA:79,2
DA:80,2
DA:83,2
DA:85,2
DA:94,8
DA:97,2
DA:101,2
DA:102,4
DA:103,2
DA:106,2
DA:107,2
DA:108,4
DA:109,2
DA:110,2
DA:114,2
DA:116,2
DA:118,2
DA:120,2
DA:121,2
DA:122,2
DA:131,2
DA:133,2
DA:144,2
DA:146,12
DA:147,2
DA:151,2
DA:152,2
DA:153,4
DA:156,2
DA:157,1
DA:158,1
DA:162,2
DA:163,4
DA:164,2
DA:170,1
DA:171,1
DA:173,1
DA:174,4
DA:179,2
DA:180,2
DA:183,1
DA:187,6
DA:190,0
DA:191,0
DA:197,4
DA:200,4
DA:202,2
DA:204,2
DA:205,6
DA:206,6
DA:211,1
DA:214,1
DA:215,1
DA:216,1
DA:217,1
DA:218,1
DA:219,1
DA:220,1
DA:221,1
DA:222,1
DA:223,1
DA:224,1
DA:225,1
DA:226,1
DA:230,4
LF:93
LH:91
end_of_record
